[{"_index":"wazuh-alerts-4.x-2025.04.01","_id":"Yzjr8pUBSeyyJ0VsqhiR","_score":1,"_source":{"agent":{"ip":"192.168.31.192","name":"DESKTOP-UAES5RE","id":"003"},"manager":{"name":"wazuh.manager"},"data":{"win":{"eventdata":{"subjectLogonId":"0x3e7","subjectDomainName":"WORKGROUP","targetLinkedLogonId":"0x0","impersonationLevel":"%%1833","authenticationPackageName":"Negotiate","targetLogonId":"0x3e7","logonProcessName":"Advapi","logonGuid":"{00000000-0000-0000-0000-000000000000}","targetUserName":"SYSTEM","keyLength":"0","elevatedToken":"%%1842","subjectUserSid":"S-1-5-18","processId":"0x298","processName":"C:\\\\Windows\\\\System32\\\\services.exe","targetDomainName":"NT AUTHORITY","targetUserSid":"S-1-5-18","virtualAccount":"%%1843","logonType":"5","subjectUserName":"DESKTOP-UAES5RE$"},"system":{"eventID":"4624","keywords":"0x8020000000000000","providerGuid":"{54849625-5478-4994-a5ba-3e3b0328c30d}","level":"0","channel":"Security","opcode":"0","message":"\"An account was successfully logged on.\r\n\r\nSubject:\r\n\tSecurity ID:\t\tS-1-5-18\r\n\tAccount Name:\t\tDESKTOP-UAES5RE$\r\n\tAccount Domain:\t\tWORKGROUP\r\n\tLogon ID:\t\t0x3E7\r\n\r\nLogon Information:\r\n\tLogon Type:\t\t5\r\n\tRestricted Admin Mode:\t-\r\n\tRemote Credential Guard:\t-\r\n\tVirtual Account:\t\tNo\r\n\tElevated Token:\t\tYes\r\n\r\nImpersonation Level:\t\tImpersonation\r\n\r\nNew Logon:\r\n\tSecurity ID:\t\tS-1-5-18\r\n\tAccount Name:\t\tSYSTEM\r\n\tAccount Domain:\t\tNT AUTHORITY\r\n\tLogon ID:\t\t0x3E7\r\n\tLinked Logon ID:\t\t0x0\r\n\tNetwork Account Name:\t-\r\n\tNetwork Account Domain:\t-\r\n\tLogon GUID:\t\t{00000000-0000-0000-0000-000000000000}\r\n\r\nProcess Information:\r\n\tProcess ID:\t\t0x298\r\n\tProcess Name:\t\tC:\\Windows\\System32\\services.exe\r\n\r\nNetwork Information:\r\n\tWorkstation Name:\t-\r\n\tSource Network Address:\t-\r\n\tSource Port:\t\t-\r\n\r\nDetailed Authentication Information:\r\n\tLogon Process:\t\tAdvapi  \r\n\tAuthentication Package:\tNegotiate\r\n\tTransited Services:\t-\r\n\tPackage Name (NTLM only):\t-\r\n\tKey Length:\t\t0\r\n\r\nThis event is generated when a logon session is created. It is generated on the computer that was accessed.\r\n\r\nThe subject fields indicate the account on the local system which requested the logon. This is most commonly a service such as the Server service, or a local process such as Winlogon.exe or Services.exe.\r\n\r\nThe logon type field indicates the kind of logon that occurred. The most common types are 2 (interactive) and 3 (network).\r\n\r\nThe New Logon fields indicate the account for whom the new logon was created, i.e. the account that was logged on.\r\n\r\nThe network fields indicate where a remote logon request originated. Workstation name is not always available and may be left blank in some cases.\r\n\r\nThe impersonation level field indicates the extent to which a process in the logon session can impersonate.\r\n\r\nThe authentication information fields provide detailed information about this specific logon request.\r\n\t- Logon GUID is a unique identifier that can be used to correlate this event with a KDC event.\r\n\t- Transited services indicate which intermediate services have participated in this logon request.\r\n\t- Package name indicates which sub-protocol was used among the NTLM protocols.\r\n\t- Key length indicates the length of the generated session key. This will be 0 if no session key was requested.\"","version":"3","systemTime":"2025-04-01T19:54:34.0024288Z","eventRecordID":"3325307","threadID":"7196","computer":"DESKTOP-UAES5RE","task":"12544","processID":"896","severityValue":"AUDIT_SUCCESS","providerName":"Microsoft-Windows-Security-Auditing"}}},"rule":{"mail":false,"level":3,"pci_dss":["10.2.5"],"hipaa":["164.312.b"],"tsc":["CC6.8","CC7.2","CC7.3"],"description":"Windows Logon Success","groups":["windows","windows_security","authentication_success"],"nist_800_53":["AU.14","AC.9"],"gdpr":["IV_32.2"],"firedtimes":17,"mitre":{"technique":["Valid Accounts"],"id":["T1078"],"tactic":["Defense Evasion","Persistence","Privilege Escalation","Initial Access"]},"id":"60106","gpg13":["7.1","7.2"]},"decoder":{"name":"windows_eventchannel"},"input":{"type":"log"},"@timestamp":"2025-04-01T19:54:35.120Z","location":"EventChannel","id":"1743537275.5537170","timestamp":"2025-04-01T19:54:35.120+0000"}},{"_index":"wazuh-alerts-4.x-2025.04.01","_id":"VTjq8pUBSeyyJ0VsVRj9","_score":1,"_source":{"agent":{"ip":"192.168.31.192","name":"DESKTOP-UAES5RE","id":"003"},"manager":{"name":"wazuh.manager"},"data":{"win":{"eventdata":{"subjectLogonId":"0x3e7","subjectDomainName":"WORKGROUP","targetLinkedLogonId":"0x0","impersonationLevel":"%%1833","authenticationPackageName":"Negotiate","targetLogonId":"0x3e7","logonProcessName":"Advapi","logonGuid":"{00000000-0000-0000-0000-000000000000}","targetUserName":"SYSTEM","keyLength":"0","elevatedToken":"%%1842","subjectUserSid":"S-1-5-18","processId":"0x298","processName":"C:\\\\Windows\\\\System32\\\\services.exe","targetDomainName":"NT AUTHORITY","targetUserSid":"S-1-5-18","virtualAccount":"%%1843","logonType":"5","subjectUserName":"DESKTOP-UAES5RE$"},"system":{"eventID":"4624","keywords":"0x8020000000000000","providerGuid":"{54849625-5478-4994-a5ba-3e3b0328c30d}","level":"0","channel":"Security","opcode":"0","message":"\"An account was successfully logged on.\r\n\r\nSubject:\r\n\tSecurity ID:\t\tS-1-5-18\r\n\tAccount Name:\t\tDESKTOP-UAES5RE$\r\n\tAccount Domain:\t\tWORKGROUP\r\n\tLogon ID:\t\t0x3E7\r\n\r\nLogon Information:\r\n\tLogon Type:\t\t5\r\n\tRestricted Admin Mode:\t-\r\n\tRemote Credential Guard:\t-\r\n\tVirtual Account:\t\tNo\r\n\tElevated Token:\t\tYes\r\n\r\nImpersonation Level:\t\tImpersonation\r\n\r\nNew Logon:\r\n\tSecurity ID:\t\tS-1-5-18\r\n\tAccount Name:\t\tSYSTEM\r\n\tAccount Domain:\t\tNT AUTHORITY\r\n\tLogon ID:\t\t0x3E7\r\n\tLinked Logon ID:\t\t0x0\r\n\tNetwork Account Name:\t-\r\n\tNetwork Account Domain:\t-\r\n\tLogon GUID:\t\t{00000000-0000-0000-0000-000000000000}\r\n\r\nProcess Information:\r\n\tProcess ID:\t\t0x298\r\n\tProcess Name:\t\tC:\\Windows\\System32\\services.exe\r\n\r\nNetwork Information:\r\n\tWorkstation Name:\t-\r\n\tSource Network Address:\t-\r\n\tSource Port:\t\t-\r\n\r\nDetailed Authentication Information:\r\n\tLogon Process:\t\tAdvapi  \r\n\tAuthentication Package:\tNegotiate\r\n\tTransited Services:\t-\r\n\tPackage Name (NTLM only):\t-\r\n\tKey Length:\t\t0\r\n\r\nThis event is generated when a logon session is created. It is generated on the computer that was accessed.\r\n\r\nThe subject fields indicate the account on the local system which requested the logon. This is most commonly a service such as the Server service, or a local process such as Winlogon.exe or Services.exe.\r\n\r\nThe logon type field indicates the kind of logon that occurred. The most common types are 2 (interactive) and 3 (network).\r\n\r\nThe New Logon fields indicate the account for whom the new logon was created, i.e. the account that was logged on.\r\n\r\nThe network fields indicate where a remote logon request originated. Workstation name is not always available and may be left blank in some cases.\r\n\r\nThe impersonation level field indicates the extent to which a process in the logon session can impersonate.\r\n\r\nThe authentication information fields provide detailed information about this specific logon request.\r\n\t- Logon GUID is a unique identifier that can be used to correlate this event with a KDC event.\r\n\t- Transited services indicate which intermediate services have participated in this logon request.\r\n\t- Package name indicates which sub-protocol was used among the NTLM protocols.\r\n\t- Key length indicates the length of the generated session key. This will be 0 if no session key was requested.\"","version":"3","systemTime":"2025-04-01T19:53:03.2467856Z","eventRecordID":"3325211","threadID":"15220","computer":"DESKTOP-UAES5RE","task":"12544","processID":"896","severityValue":"AUDIT_SUCCESS","providerName":"Microsoft-Windows-Security-Auditing"}}},"rule":{"mail":false,"level":3,"pci_dss":["10.2.5"],"hipaa":["164.312.b"],"tsc":["CC6.8","CC7.2","CC7.3"],"description":"Windows Logon Success","groups":["windows","windows_security","authentication_success"],"nist_800_53":["AU.14","AC.9"],"gdpr":["IV_32.2"],"firedtimes":15,"mitre":{"technique":["Valid Accounts"],"id":["T1078"],"tactic":["Defense Evasion","Persistence","Privilege Escalation","Initial Access"]},"id":"60106","gpg13":["7.1","7.2"]},"decoder":{"name":"windows_eventchannel"},"input":{"type":"log"},"@timestamp":"2025-04-01T19:53:15.798Z","location":"EventChannel","id":"1743537195.5468462","timestamp":"2025-04-01T19:53:15.798+0000"}},{"_index":"wazuh-alerts-4.x-2025.04.01","_id":"Vjjq8pUBSeyyJ0VsVRj9","_score":1,"_source":{"agent":{"ip":"192.168.31.192","name":"DESKTOP-UAES5RE","id":"003"},"manager":{"name":"wazuh.manager"},"data":{"win":{"eventdata":{"subjectLogonId":"0x3e7","subjectDomainName":"WORKGROUP","targetLinkedLogonId":"0x0","impersonationLevel":"%%1833","authenticationPackageName":"Negotiate","targetLogonId":"0x3e7","logonProcessName":"Advapi","logonGuid":"{00000000-0000-0000-0000-000000000000}","targetUserName":"SYSTEM","keyLength":"0","elevatedToken":"%%1842","subjectUserSid":"S-1-5-18","processId":"0x298","processName":"C:\\\\Windows\\\\System32\\\\services.exe","targetDomainName":"NT AUTHORITY","targetUserSid":"S-1-5-18","virtualAccount":"%%1843","logonType":"5","subjectUserName":"DESKTOP-UAES5RE$"},"system":{"eventID":"4624","keywords":"0x8020000000000000","providerGuid":"{54849625-5478-4994-a5ba-3e3b0328c30d}","level":"0","channel":"Security","opcode":"0","message":"\"An account was successfully logged on.\r\n\r\nSubject:\r\n\tSecurity ID:\t\tS-1-5-18\r\n\tAccount Name:\t\tDESKTOP-UAES5RE$\r\n\tAccount Domain:\t\tWORKGROUP\r\n\tLogon ID:\t\t0x3E7\r\n\r\nLogon Information:\r\n\tLogon Type:\t\t5\r\n\tRestricted Admin Mode:\t-\r\n\tRemote Credential Guard:\t-\r\n\tVirtual Account:\t\tNo\r\n\tElevated Token:\t\tYes\r\n\r\nImpersonation Level:\t\tImpersonation\r\n\r\nNew Logon:\r\n\tSecurity ID:\t\tS-1-5-18\r\n\tAccount Name:\t\tSYSTEM\r\n\tAccount Domain:\t\tNT AUTHORITY\r\n\tLogon ID:\t\t0x3E7\r\n\tLinked Logon ID:\t\t0x0\r\n\tNetwork Account Name:\t-\r\n\tNetwork Account Domain:\t-\r\n\tLogon GUID:\t\t{00000000-0000-0000-0000-000000000000}\r\n\r\nProcess Information:\r\n\tProcess ID:\t\t0x298\r\n\tProcess Name:\t\tC:\\Windows\\System32\\services.exe\r\n\r\nNetwork Information:\r\n\tWorkstation Name:\t-\r\n\tSource Network Address:\t-\r\n\tSource Port:\t\t-\r\n\r\nDetailed Authentication Information:\r\n\tLogon Process:\t\tAdvapi  \r\n\tAuthentication Package:\tNegotiate\r\n\tTransited Services:\t-\r\n\tPackage Name (NTLM only):\t-\r\n\tKey Length:\t\t0\r\n\r\nThis event is generated when a logon session is created. It is generated on the computer that was accessed.\r\n\r\nThe subject fields indicate the account on the local system which requested the logon. This is most commonly a service such as the Server service, or a local process such as Winlogon.exe or Services.exe.\r\n\r\nThe logon type field indicates the kind of logon that occurred. The most common types are 2 (interactive) and 3 (network).\r\n\r\nThe New Logon fields indicate the account for whom the new logon was created, i.e. the account that was logged on.\r\n\r\nThe network fields indicate where a remote logon request originated. Workstation name is not always available and may be left blank in some cases.\r\n\r\nThe impersonation level field indicates the extent to which a process in the logon session can impersonate.\r\n\r\nThe authentication information fields provide detailed information about this specific logon request.\r\n\t- Logon GUID is a unique identifier that can be used to correlate this event with a KDC event.\r\n\t- Transited services indicate which intermediate services have participated in this logon request.\r\n\t- Package name indicates which sub-protocol was used among the NTLM protocols.\r\n\t- Key length indicates the length of the generated session key. This will be 0 if no session key was requested.\"","version":"3","systemTime":"2025-04-01T19:53:03.3877489Z","eventRecordID":"3325216","threadID":"15220","computer":"DESKTOP-UAES5RE","task":"12544","processID":"896","severityValue":"AUDIT_SUCCESS","providerName":"Microsoft-Windows-Security-Auditing"}}},"rule":{"mail":false,"level":3,"pci_dss":["10.2.5"],"hipaa":["164.312.b"],"tsc":["CC6.8","CC7.2","CC7.3"],"description":"Windows Logon Success","groups":["windows","windows_security","authentication_success"],"nist_800_53":["AU.14","AC.9"],"gdpr":["IV_32.2"],"firedtimes":16,"mitre":{"technique":["Valid Accounts"],"id":["T1078"],"tactic":["Defense Evasion","Persistence","Privilege Escalation","Initial Access"]},"id":"60106","gpg13":["7.1","7.2"]},"decoder":{"name":"windows_eventchannel"},"input":{"type":"log"},"@timestamp":"2025-04-01T19:53:15.821Z","location":"EventChannel","id":"1743537195.5475853","timestamp":"2025-04-01T19:53:15.821+0000"}},{"_index":"wazuh-alerts-4.x-2025.04.01","_id":"WDjq8pUBSeyyJ0VsVRj9","_score":1,"_source":{"agent":{"ip":"192.168.31.192","name":"DESKTOP-UAES5RE","id":"003"},"manager":{"name":"wazuh.manager"},"data":{"win":{"eventdata":{"subjectLogonId":"0x3e7","subjectDomainName":"WORKGROUP","targetLinkedLogonId":"0x1ffb9de","impersonationLevel":"%%1833","ipAddress":"127.0.0.1","authenticationPackageName":"Negotiate","workstationName":"DESKTOP-UAES5RE","targetLogonId":"0x1ffb986","logonProcessName":"User32","logonGuid":"{00000000-0000-0000-0000-000000000000}","targetUserName":"jahnavigaddey@outlook.com","keyLength":"0","elevatedToken":"%%1842","subjectUserSid":"S-1-5-18","processId":"0x7d0","processName":"C:\\\\Windows\\\\System32\\\\svchost.exe","ipPort":"0","targetDomainName":"MicrosoftAccount","targetUserSid":"S-1-5-21-1238936472-1946123293-2812249230-1002","virtualAccount":"%%1843","logonType":"11","subjectUserName":"DESKTOP-UAES5RE$"},"system":{"eventID":"4624","keywords":"0x8020000000000000","providerGuid":"{54849625-5478-4994-a5ba-3e3b0328c30d}","level":"0","channel":"Security","opcode":"0","message":"\"An account was successfully logged on.\r\n\r\nSubject:\r\n\tSecurity ID:\t\tS-1-5-18\r\n\tAccount Name:\t\tDESKTOP-UAES5RE$\r\n\tAccount Domain:\t\tWORKGROUP\r\n\tLogon ID:\t\t0x3E7\r\n\r\nLogon Information:\r\n\tLogon Type:\t\t11\r\n\tRestricted Admin Mode:\t-\r\n\tRemote Credential Guard:\t-\r\n\tVirtual Account:\t\tNo\r\n\tElevated Token:\t\tYes\r\n\r\nImpersonation Level:\t\tImpersonation\r\n\r\nNew Logon:\r\n\tSecurity ID:\t\tS-1-5-21-1238936472-1946123293-2812249230-1002\r\n\tAccount Name:\t\tjahnavigaddey@outlook.com\r\n\tAccount Domain:\t\tMicrosoftAccount\r\n\tLogon ID:\t\t0x1FFB986\r\n\tLinked Logon ID:\t\t0x1FFB9DE\r\n\tNetwork Account Name:\t-\r\n\tNetwork Account Domain:\t-\r\n\tLogon GUID:\t\t{00000000-0000-0000-0000-000000000000}\r\n\r\nProcess Information:\r\n\tProcess ID:\t\t0x7d0\r\n\tProcess Name:\t\tC:\\Windows\\System32\\svchost.exe\r\n\r\nNetwork Information:\r\n\tWorkstation Name:\tDESKTOP-UAES5RE\r\n\tSource Network Address:\t127.0.0.1\r\n\tSource Port:\t\t0\r\n\r\nDetailed Authentication Information:\r\n\tLogon Process:\t\tUser32 \r\n\tAuthentication Package:\tNegotiate\r\n\tTransited Services:\t-\r\n\tPackage Name (NTLM only):\t-\r\n\tKey Length:\t\t0\r\n\r\nThis event is generated when a logon session is created. It is generated on the computer that was accessed.\r\n\r\nThe subject fields indicate the account on the local system which requested the logon. This is most commonly a service such as the Server service, or a local process such as Winlogon.exe or Services.exe.\r\n\r\nThe logon type field indicates the kind of logon that occurred. The most common types are 2 (interactive) and 3 (network).\r\n\r\nThe New Logon fields indicate the account for whom the new logon was created, i.e. the account that was logged on.\r\n\r\nThe network fields indicate where a remote logon request originated. Workstation name is not always available and may be left blank in some cases.\r\n\r\nThe impersonation level field indicates the extent to which a process in the logon session can impersonate.\r\n\r\nThe authentication information fields provide detailed information about this specific logon request.\r\n\t- Logon GUID is a unique identifier that can be used to correlate this event with a KDC event.\r\n\t- Transited services indicate which intermediate services have participated in this logon request.\r\n\t- Package name indicates which sub-protocol was used among the NTLM protocols.\r\n\t- Key length indicates the length of the generated session key. This will be 0 if no session key was requested.\"","version":"3","systemTime":"2025-04-01T19:53:04.3156048Z","eventRecordID":"3325228","threadID":"15220","computer":"DESKTOP-UAES5RE","task":"12544","processID":"896","severityValue":"AUDIT_SUCCESS","providerName":"Microsoft-Windows-Security-Auditing"}}},"rule":{"firedtimes":5,"mail":false,"level":3,"description":"Non network or service local logon.","groups":["windows"," WEF"],"id":"67022"},"decoder":{"name":"windows_eventchannel"},"input":{"type":"log"},"@timestamp":"2025-04-01T19:53:15.879Z","location":"EventChannel","id":"1743537195.5486904","timestamp":"2025-04-01T19:53:15.879+0000"}},{"_index":"wazuh-alerts-4.x-2025.04.01","_id":"XTjq8pUBSeyyJ0VsVRj9","_score":1,"_source":{"agent":{"ip":"192.168.31.192","name":"DESKTOP-UAES5RE","id":"003"},"manager":{"name":"wazuh.manager"},"data":{"win":{"eventdata":{"subjectLogonId":"0x3e7","subjectDomainName":"WORKGROUP","targetLinkedLogonId":"0x1ffc3f2","impersonationLevel":"%%1833","authenticationPackageName":"Negotiate","workstationName":"DESKTOP-UAES5RE","targetLogonId":"0x1ffc4bf","logonProcessName":"Negotiat","logonGuid":"{00000000-0000-0000-0000-000000000000}","targetUserName":"jahnavigaddey@outlook.com","keyLength":"0","elevatedToken":"%%1843","subjectUserSid":"S-1-5-18","processId":"0x380","processName":"C:\\\\Windows\\\\System32\\\\lsass.exe","targetDomainName":"MicrosoftAccount","targetUserSid":"S-1-5-21-1238936472-1946123293-2812249230-1002","virtualAccount":"%%1843","logonType":"7","subjectUserName":"DESKTOP-UAES5RE$"},"system":{"eventID":"4624","keywords":"0x8020000000000000","providerGuid":"{54849625-5478-4994-a5ba-3e3b0328c30d}","level":"0","channel":"Security","opcode":"0","message":"\"An account was successfully logged on.\r\n\r\nSubject:\r\n\tSecurity ID:\t\tS-1-5-18\r\n\tAccount Name:\t\tDESKTOP-UAES5RE$\r\n\tAccount Domain:\t\tWORKGROUP\r\n\tLogon ID:\t\t0x3E7\r\n\r\nLogon Information:\r\n\tLogon Type:\t\t7\r\n\tRestricted Admin Mode:\t-\r\n\tRemote Credential Guard:\t-\r\n\tVirtual Account:\t\tNo\r\n\tElevated Token:\t\tNo\r\n\r\nImpersonation Level:\t\tImpersonation\r\n\r\nNew Logon:\r\n\tSecurity ID:\t\tS-1-5-21-1238936472-1946123293-2812249230-1002\r\n\tAccount Name:\t\tjahnavigaddey@outlook.com\r\n\tAccount Domain:\t\tMicrosoftAccount\r\n\tLogon ID:\t\t0x1FFC4BF\r\n\tLinked Logon ID:\t\t0x1FFC3F2\r\n\tNetwork Account Name:\t-\r\n\tNetwork Account Domain:\t-\r\n\tLogon GUID:\t\t{00000000-0000-0000-0000-000000000000}\r\n\r\nProcess Information:\r\n\tProcess ID:\t\t0x380\r\n\tProcess Name:\t\tC:\\Windows\\System32\\lsass.exe\r\n\r\nNetwork Information:\r\n\tWorkstation Name:\tDESKTOP-UAES5RE\r\n\tSource Network Address:\t-\r\n\tSource Port:\t\t-\r\n\r\nDetailed Authentication Information:\r\n\tLogon Process:\t\tNegotiat\r\n\tAuthentication Package:\tNegotiate\r\n\tTransited Services:\t-\r\n\tPackage Name (NTLM only):\t-\r\n\tKey Length:\t\t0\r\n\r\nThis event is generated when a logon session is created. It is generated on the computer that was accessed.\r\n\r\nThe subject fields indicate the account on the local system which requested the logon. This is most commonly a service such as the Server service, or a local process such as Winlogon.exe or Services.exe.\r\n\r\nThe logon type field indicates the kind of logon that occurred. The most common types are 2 (interactive) and 3 (network).\r\n\r\nThe New Logon fields indicate the account for whom the new logon was created, i.e. the account that was logged on.\r\n\r\nThe network fields indicate where a remote logon request originated. Workstation name is not always available and may be left blank in some cases.\r\n\r\nThe impersonation level field indicates the extent to which a process in the logon session can impersonate.\r\n\r\nThe authentication information fields provide detailed information about this specific logon request.\r\n\t- Logon GUID is a unique identifier that can be used to correlate this event with a KDC event.\r\n\t- Transited services indicate which intermediate services have participated in this logon request.\r\n\t- Package name indicates which sub-protocol was used among the NTLM protocols.\r\n\t- Key length indicates the length of the generated session key. This will be 0 if no session key was requested.\"","version":"3","systemTime":"2025-04-01T19:53:04.4005571Z","eventRecordID":"3325236","threadID":"28868","computer":"DESKTOP-UAES5RE","task":"12544","processID":"896","severityValue":"AUDIT_SUCCESS","providerName":"Microsoft-Windows-Security-Auditing"}}},"rule":{"firedtimes":8,"mail":false,"level":3,"description":"Non network or service local logon.","groups":["windows"," WEF"],"id":"67022"},"decoder":{"name":"windows_eventchannel"},"input":{"type":"log"},"@timestamp":"2025-04-01T19:53:15.913Z","location":"EventChannel","id":"1743537195.5516824","timestamp":"2025-04-01T19:53:15.913+0000"}},{"_index":"wazuh-alerts-4.x-2025.04.01","_id":"Ujjq8pUBSeyyJ0VsKxgF","_score":1,"_source":{"agent":{"ip":"192.168.31.192","name":"DESKTOP-UAES5RE","id":"003"},"manager":{"name":"wazuh.manager"},"data":{"win":{"eventdata":{"subjectLogonId":"0x3e7","subjectDomainName":"WORKGROUP","targetLinkedLogonId":"0x0","impersonationLevel":"%%1833","authenticationPackageName":"Negotiate","targetLogonId":"0x3e7","logonProcessName":"Advapi","logonGuid":"{00000000-0000-0000-0000-000000000000}","targetUserName":"SYSTEM","keyLength":"0","elevatedToken":"%%1842","subjectUserSid":"S-1-5-18","processId":"0x298","processName":"C:\\\\Windows\\\\System32\\\\services.exe","targetDomainName":"NT AUTHORITY","targetUserSid":"S-1-5-18","virtualAccount":"%%1843","logonType":"5","subjectUserName":"DESKTOP-UAES5RE$"},"system":{"eventID":"4624","keywords":"0x8020000000000000","providerGuid":"{54849625-5478-4994-a5ba-3e3b0328c30d}","level":"0","channel":"Security","opcode":"0","message":"\"An account was successfully logged on.\r\n\r\nSubject:\r\n\tSecurity ID:\t\tS-1-5-18\r\n\tAccount Name:\t\tDESKTOP-UAES5RE$\r\n\tAccount Domain:\t\tWORKGROUP\r\n\tLogon ID:\t\t0x3E7\r\n\r\nLogon Information:\r\n\tLogon Type:\t\t5\r\n\tRestricted Admin Mode:\t-\r\n\tRemote Credential Guard:\t-\r\n\tVirtual Account:\t\tNo\r\n\tElevated Token:\t\tYes\r\n\r\nImpersonation Level:\t\tImpersonation\r\n\r\nNew Logon:\r\n\tSecurity ID:\t\tS-1-5-18\r\n\tAccount Name:\t\tSYSTEM\r\n\tAccount Domain:\t\tNT AUTHORITY\r\n\tLogon ID:\t\t0x3E7\r\n\tLinked Logon ID:\t\t0x0\r\n\tNetwork Account Name:\t-\r\n\tNetwork Account Domain:\t-\r\n\tLogon GUID:\t\t{00000000-0000-0000-0000-000000000000}\r\n\r\nProcess Information:\r\n\tProcess ID:\t\t0x298\r\n\tProcess Name:\t\tC:\\Windows\\System32\\services.exe\r\n\r\nNetwork Information:\r\n\tWorkstation Name:\t-\r\n\tSource Network Address:\t-\r\n\tSource Port:\t\t-\r\n\r\nDetailed Authentication Information:\r\n\tLogon Process:\t\tAdvapi  \r\n\tAuthentication Package:\tNegotiate\r\n\tTransited Services:\t-\r\n\tPackage Name (NTLM only):\t-\r\n\tKey Length:\t\t0\r\n\r\nThis event is generated when a logon session is created. It is generated on the computer that was accessed.\r\n\r\nThe subject fields indicate the account on the local system which requested the logon. This is most commonly a service such as the Server service, or a local process such as Winlogon.exe or Services.exe.\r\n\r\nThe logon type field indicates the kind of logon that occurred. The most common types are 2 (interactive) and 3 (network).\r\n\r\nThe New Logon fields indicate the account for whom the new logon was created, i.e. the account that was logged on.\r\n\r\nThe network fields indicate where a remote logon request originated. Workstation name is not always available and may be left blank in some cases.\r\n\r\nThe impersonation level field indicates the extent to which a process in the logon session can impersonate.\r\n\r\nThe authentication information fields provide detailed information about this specific logon request.\r\n\t- Logon GUID is a unique identifier that can be used to correlate this event with a KDC event.\r\n\t- Transited services indicate which intermediate services have participated in this logon request.\r\n\t- Package name indicates which sub-protocol was used among the NTLM protocols.\r\n\t- Key length indicates the length of the generated session key. This will be 0 if no session key was requested.\"","version":"3","systemTime":"2025-04-01T19:38:52.0462300Z","eventRecordID":"3325161","threadID":"19472","computer":"DESKTOP-UAES5RE","task":"12544","processID":"896","severityValue":"AUDIT_SUCCESS","providerName":"Microsoft-Windows-Security-Auditing"}}},"rule":{"mail":false,"level":3,"pci_dss":["10.2.5"],"hipaa":["164.312.b"],"tsc":["CC6.8","CC7.2","CC7.3"],"description":"Windows Logon Success","groups":["windows","windows_security","authentication_success"],"nist_800_53":["AU.14","AC.9"],"gdpr":["IV_32.2"],"firedtimes":13,"mitre":{"technique":["Valid Accounts"],"id":["T1078"],"tactic":["Defense Evasion","Persistence","Privilege Escalation","Initial Access"]},"id":"60106","gpg13":["7.1","7.2"]},"decoder":{"name":"windows_eventchannel"},"input":{"type":"log"},"@timestamp":"2025-04-01T19:38:52.389Z","location":"EventChannel","id":"1743536332.5397146","timestamp":"2025-04-01T19:38:52.389+0000"}},{"_index":"wazuh-alerts-4.x-2025.04.01","_id":"RDjc8pUBSeyyJ0Vsyhh2","_score":1,"_source":{"agent":{"ip":"192.168.31.192","name":"DESKTOP-UAES5RE","id":"003"},"manager":{"name":"wazuh.manager"},"data":{"win":{"eventdata":{"subjectLogonId":"0x3e7","subjectDomainName":"WORKGROUP","targetLinkedLogonId":"0x0","impersonationLevel":"%%1833","authenticationPackageName":"Negotiate","targetLogonId":"0x3e7","logonProcessName":"Advapi","logonGuid":"{00000000-0000-0000-0000-000000000000}","targetUserName":"SYSTEM","keyLength":"0","elevatedToken":"%%1842","subjectUserSid":"S-1-5-18","processId":"0x298","processName":"C:\\\\Windows\\\\System32\\\\services.exe","targetDomainName":"NT AUTHORITY","targetUserSid":"S-1-5-18","virtualAccount":"%%1843","logonType":"5","subjectUserName":"DESKTOP-UAES5RE$"},"system":{"eventID":"4624","keywords":"0x8020000000000000","providerGuid":"{54849625-5478-4994-a5ba-3e3b0328c30d}","level":"0","channel":"Security","opcode":"0","message":"\"An account was successfully logged on.\r\n\r\nSubject:\r\n\tSecurity ID:\t\tS-1-5-18\r\n\tAccount Name:\t\tDESKTOP-UAES5RE$\r\n\tAccount Domain:\t\tWORKGROUP\r\n\tLogon ID:\t\t0x3E7\r\n\r\nLogon Information:\r\n\tLogon Type:\t\t5\r\n\tRestricted Admin Mode:\t-\r\n\tRemote Credential Guard:\t-\r\n\tVirtual Account:\t\tNo\r\n\tElevated Token:\t\tYes\r\n\r\nImpersonation Level:\t\tImpersonation\r\n\r\nNew Logon:\r\n\tSecurity ID:\t\tS-1-5-18\r\n\tAccount Name:\t\tSYSTEM\r\n\tAccount Domain:\t\tNT AUTHORITY\r\n\tLogon ID:\t\t0x3E7\r\n\tLinked Logon ID:\t\t0x0\r\n\tNetwork Account Name:\t-\r\n\tNetwork Account Domain:\t-\r\n\tLogon GUID:\t\t{00000000-0000-0000-0000-000000000000}\r\n\r\nProcess Information:\r\n\tProcess ID:\t\t0x298\r\n\tProcess Name:\t\tC:\\Windows\\System32\\services.exe\r\n\r\nNetwork Information:\r\n\tWorkstation Name:\t-\r\n\tSource Network Address:\t-\r\n\tSource Port:\t\t-\r\n\r\nDetailed Authentication Information:\r\n\tLogon Process:\t\tAdvapi  \r\n\tAuthentication Package:\tNegotiate\r\n\tTransited Services:\t-\r\n\tPackage Name (NTLM only):\t-\r\n\tKey Length:\t\t0\r\n\r\nThis event is generated when a logon session is created. It is generated on the computer that was accessed.\r\n\r\nThe subject fields indicate the account on the local system which requested the logon. This is most commonly a service such as the Server service, or a local process such as Winlogon.exe or Services.exe.\r\n\r\nThe logon type field indicates the kind of logon that occurred. The most common types are 2 (interactive) and 3 (network).\r\n\r\nThe New Logon fields indicate the account for whom the new logon was created, i.e. the account that was logged on.\r\n\r\nThe network fields indicate where a remote logon request originated. Workstation name is not always available and may be left blank in some cases.\r\n\r\nThe impersonation level field indicates the extent to which a process in the logon session can impersonate.\r\n\r\nThe authentication information fields provide detailed information about this specific logon request.\r\n\t- Logon GUID is a unique identifier that can be used to correlate this event with a KDC event.\r\n\t- Transited services indicate which intermediate services have participated in this logon request.\r\n\t- Package name indicates which sub-protocol was used among the NTLM protocols.\r\n\t- Key length indicates the length of the generated session key. This will be 0 if no session key was requested.\"","version":"3","systemTime":"2025-04-01T19:38:18.7782067Z","eventRecordID":"3325136","threadID":"26536","computer":"DESKTOP-UAES5RE","task":"12544","processID":"896","severityValue":"AUDIT_SUCCESS","providerName":"Microsoft-Windows-Security-Auditing"}}},"rule":{"mail":false,"level":3,"pci_dss":["10.2.5"],"hipaa":["164.312.b"],"tsc":["CC6.8","CC7.2","CC7.3"],"description":"Windows Logon Success","groups":["windows","windows_security","authentication_success"],"nist_800_53":["AU.14","AC.9"],"gdpr":["IV_32.2"],"firedtimes":11,"mitre":{"technique":["Valid Accounts"],"id":["T1078"],"tactic":["Defense Evasion","Persistence","Privilege Escalation","Initial Access"]},"id":"60106","gpg13":["7.1","7.2"]},"decoder":{"name":"windows_eventchannel"},"input":{"type":"log"},"@timestamp":"2025-04-01T19:38:19.749Z","location":"EventChannel","id":"1743536299.5328456","timestamp":"2025-04-01T19:38:19.749+0000"}},{"_index":"wazuh-alerts-4.x-2025.04.01","_id":"RTjc8pUBSeyyJ0Vsyhh2","_score":1,"_source":{"agent":{"ip":"192.168.31.192","name":"DESKTOP-UAES5RE","id":"003"},"manager":{"name":"wazuh.manager"},"data":{"win":{"eventdata":{"subjectLogonId":"0x3e7","subjectDomainName":"WORKGROUP","targetLinkedLogonId":"0x0","impersonationLevel":"%%1833","authenticationPackageName":"Negotiate","targetLogonId":"0x3e7","logonProcessName":"Advapi","logonGuid":"{00000000-0000-0000-0000-000000000000}","targetUserName":"SYSTEM","keyLength":"0","elevatedToken":"%%1842","subjectUserSid":"S-1-5-18","processId":"0x298","processName":"C:\\\\Windows\\\\System32\\\\services.exe","targetDomainName":"NT AUTHORITY","targetUserSid":"S-1-5-18","virtualAccount":"%%1843","logonType":"5","subjectUserName":"DESKTOP-UAES5RE$"},"system":{"eventID":"4624","keywords":"0x8020000000000000","providerGuid":"{54849625-5478-4994-a5ba-3e3b0328c30d}","level":"0","channel":"Security","opcode":"0","message":"\"An account was successfully logged on.\r\n\r\nSubject:\r\n\tSecurity ID:\t\tS-1-5-18\r\n\tAccount Name:\t\tDESKTOP-UAES5RE$\r\n\tAccount Domain:\t\tWORKGROUP\r\n\tLogon ID:\t\t0x3E7\r\n\r\nLogon Information:\r\n\tLogon Type:\t\t5\r\n\tRestricted Admin Mode:\t-\r\n\tRemote Credential Guard:\t-\r\n\tVirtual Account:\t\tNo\r\n\tElevated Token:\t\tYes\r\n\r\nImpersonation Level:\t\tImpersonation\r\n\r\nNew Logon:\r\n\tSecurity ID:\t\tS-1-5-18\r\n\tAccount Name:\t\tSYSTEM\r\n\tAccount Domain:\t\tNT AUTHORITY\r\n\tLogon ID:\t\t0x3E7\r\n\tLinked Logon ID:\t\t0x0\r\n\tNetwork Account Name:\t-\r\n\tNetwork Account Domain:\t-\r\n\tLogon GUID:\t\t{00000000-0000-0000-0000-000000000000}\r\n\r\nProcess Information:\r\n\tProcess ID:\t\t0x298\r\n\tProcess Name:\t\tC:\\Windows\\System32\\services.exe\r\n\r\nNetwork Information:\r\n\tWorkstation Name:\t-\r\n\tSource Network Address:\t-\r\n\tSource Port:\t\t-\r\n\r\nDetailed Authentication Information:\r\n\tLogon Process:\t\tAdvapi  \r\n\tAuthentication Package:\tNegotiate\r\n\tTransited Services:\t-\r\n\tPackage Name (NTLM only):\t-\r\n\tKey Length:\t\t0\r\n\r\nThis event is generated when a logon session is created. It is generated on the computer that was accessed.\r\n\r\nThe subject fields indicate the account on the local system which requested the logon. This is most commonly a service such as the Server service, or a local process such as Winlogon.exe or Services.exe.\r\n\r\nThe logon type field indicates the kind of logon that occurred. The most common types are 2 (interactive) and 3 (network).\r\n\r\nThe New Logon fields indicate the account for whom the new logon was created, i.e. the account that was logged on.\r\n\r\nThe network fields indicate where a remote logon request originated. Workstation name is not always available and may be left blank in some cases.\r\n\r\nThe impersonation level field indicates the extent to which a process in the logon session can impersonate.\r\n\r\nThe authentication information fields provide detailed information about this specific logon request.\r\n\t- Logon GUID is a unique identifier that can be used to correlate this event with a KDC event.\r\n\t- Transited services indicate which intermediate services have participated in this logon request.\r\n\t- Package name indicates which sub-protocol was used among the NTLM protocols.\r\n\t- Key length indicates the length of the generated session key. This will be 0 if no session key was requested.\"","version":"3","systemTime":"2025-04-01T19:38:20.0138474Z","eventRecordID":"3325139","threadID":"7196","computer":"DESKTOP-UAES5RE","task":"12544","processID":"896","severityValue":"AUDIT_SUCCESS","providerName":"Microsoft-Windows-Security-Auditing"}}},"rule":{"mail":false,"level":3,"pci_dss":["10.2.5"],"hipaa":["164.312.b"],"tsc":["CC6.8","CC7.2","CC7.3"],"description":"Windows Logon Success","groups":["windows","windows_security","authentication_success"],"nist_800_53":["AU.14","AC.9"],"gdpr":["IV_32.2"],"firedtimes":12,"mitre":{"technique":["Valid Accounts"],"id":["T1078"],"tactic":["Defense Evasion","Persistence","Privilege Escalation","Initial Access"]},"id":"60106","gpg13":["7.1","7.2"]},"decoder":{"name":"windows_eventchannel"},"input":{"type":"log"},"@timestamp":"2025-04-01T19:38:21.119Z","location":"EventChannel","id":"1743536301.5335847","timestamp":"2025-04-01T19:38:21.119+0000"}},{"_index":"wazuh-alerts-4.x-2025.04.01","_id":"Rzjc8pUBSeyyJ0Vsyhh2","_score":1,"_source":{"agent":{"ip":"192.168.31.192","name":"DESKTOP-UAES5RE","id":"003"},"manager":{"name":"wazuh.manager"},"data":{"win":{"eventdata":{"subjectLogonId":"0x3e7","subjectDomainName":"WORKGROUP","targetLinkedLogonId":"0x1fb880c","impersonationLevel":"%%1833","ipAddress":"127.0.0.1","authenticationPackageName":"Negotiate","workstationName":"DESKTOP-UAES5RE","targetLogonId":"0x1fb8927","logonProcessName":"User32","logonGuid":"{00000000-0000-0000-0000-000000000000}","targetUserName":"jahnavigaddey@outlook.com","keyLength":"0","elevatedToken":"%%1843","subjectUserSid":"S-1-5-18","processId":"0x7d0","processName":"C:\\\\Windows\\\\System32\\\\svchost.exe","ipPort":"0","targetDomainName":"MicrosoftAccount","targetUserSid":"S-1-5-21-1238936472-1946123293-2812249230-1002","virtualAccount":"%%1843","logonType":"11","subjectUserName":"DESKTOP-UAES5RE$"},"system":{"eventID":"4624","keywords":"0x8020000000000000","providerGuid":"{54849625-5478-4994-a5ba-3e3b0328c30d}","level":"0","channel":"Security","opcode":"0","message":"\"An account was successfully logged on.\r\n\r\nSubject:\r\n\tSecurity ID:\t\tS-1-5-18\r\n\tAccount Name:\t\tDESKTOP-UAES5RE$\r\n\tAccount Domain:\t\tWORKGROUP\r\n\tLogon ID:\t\t0x3E7\r\n\r\nLogon Information:\r\n\tLogon Type:\t\t11\r\n\tRestricted Admin Mode:\t-\r\n\tRemote Credential Guard:\t-\r\n\tVirtual Account:\t\tNo\r\n\tElevated Token:\t\tNo\r\n\r\nImpersonation Level:\t\tImpersonation\r\n\r\nNew Logon:\r\n\tSecurity ID:\t\tS-1-5-21-1238936472-1946123293-2812249230-1002\r\n\tAccount Name:\t\tjahnavigaddey@outlook.com\r\n\tAccount Domain:\t\tMicrosoftAccount\r\n\tLogon ID:\t\t0x1FB8927\r\n\tLinked Logon ID:\t\t0x1FB880C\r\n\tNetwork Account Name:\t-\r\n\tNetwork Account Domain:\t-\r\n\tLogon GUID:\t\t{00000000-0000-0000-0000-000000000000}\r\n\r\nProcess Information:\r\n\tProcess ID:\t\t0x7d0\r\n\tProcess Name:\t\tC:\\Windows\\System32\\svchost.exe\r\n\r\nNetwork Information:\r\n\tWorkstation Name:\tDESKTOP-UAES5RE\r\n\tSource Network Address:\t127.0.0.1\r\n\tSource Port:\t\t0\r\n\r\nDetailed Authentication Information:\r\n\tLogon Process:\t\tUser32 \r\n\tAuthentication Package:\tNegotiate\r\n\tTransited Services:\t-\r\n\tPackage Name (NTLM only):\t-\r\n\tKey Length:\t\t0\r\n\r\nThis event is generated when a logon session is created. It is generated on the computer that was accessed.\r\n\r\nThe subject fields indicate the account on the local system which requested the logon. This is most commonly a service such as the Server service, or a local process such as Winlogon.exe or Services.exe.\r\n\r\nThe logon type field indicates the kind of logon that occurred. The most common types are 2 (interactive) and 3 (network).\r\n\r\nThe New Logon fields indicate the account for whom the new logon was created, i.e. the account that was logged on.\r\n\r\nThe network fields indicate where a remote logon request originated. Workstation name is not always available and may be left blank in some cases.\r\n\r\nThe impersonation level field indicates the extent to which a process in the logon session can impersonate.\r\n\r\nThe authentication information fields provide detailed information about this specific logon request.\r\n\t- Logon GUID is a unique identifier that can be used to correlate this event with a KDC event.\r\n\t- Transited services indicate which intermediate services have participated in this logon request.\r\n\t- Package name indicates which sub-protocol was used among the NTLM protocols.\r\n\t- Key length indicates the length of the generated session key. This will be 0 if no session key was requested.\"","version":"3","systemTime":"2025-04-01T19:38:25.8230980Z","eventRecordID":"3325148","threadID":"7196","computer":"DESKTOP-UAES5RE","task":"12544","processID":"896","severityValue":"AUDIT_SUCCESS","providerName":"Microsoft-Windows-Security-Auditing"}}},"rule":{"firedtimes":1,"mail":false,"level":3,"description":"Non network or service local logon.","groups":["windows"," WEF"],"id":"67022"},"decoder":{"name":"windows_eventchannel"},"input":{"type":"log"},"@timestamp":"2025-04-01T19:38:27.165Z","location":"EventChannel","id":"1743536307.5346894","timestamp":"2025-04-01T19:38:27.165+0000"}},{"_index":"wazuh-alerts-4.x-2025.04.01","_id":"Sjjc8pUBSeyyJ0Vsyhh2","_score":1,"_source":{"agent":{"ip":"192.168.31.192","name":"DESKTOP-UAES5RE","id":"003"},"manager":{"name":"wazuh.manager"},"data":{"win":{"eventdata":{"subjectLogonId":"0x3e7","targetUserName":"Dell","subjectUserSid":"S-1-5-18","subjectDomainName":"WORKGROUP","displayName":"Jahnavi Gadde","targetDomainName":"DESKTOP-UAES5RE","targetSid":"S-1-5-21-1238936472-1946123293-2812249230-1002","subjectUserName":"DESKTOP-UAES5RE$"},"system":{"eventID":"4738","keywords":"0x8020000000000000","providerGuid":"{54849625-5478-4994-a5ba-3e3b0328c30d}","level":"0","channel":"Security","opcode":"0","message":"\"A user account was changed.\r\n\r\nSubject:\r\n\tSecurity ID:\t\tS-1-5-18\r\n\tAccount Name:\t\tDESKTOP-UAES5RE$\r\n\tAccount Domain:\t\tWORKGROUP\r\n\tLogon ID:\t\t0x3E7\r\n\r\nTarget Account:\r\n\tSecurity ID:\t\tS-1-5-21-1238936472-1946123293-2812249230-1002\r\n\tAccount Name:\t\tDell\r\n\tAccount Domain:\t\tDESKTOP-UAES5RE\r\n\r\nChanged Attributes:\r\n\tSAM Account Name:\t-\r\n\tDisplay Name:\t\tJahnavi Gadde\r\n\tUser Principal Name:\t-\r\n\tHome Directory:\t\t-\r\n\tHome Drive:\t\t-\r\n\tScript Path:\t\t-\r\n\tProfile Path:\t\t-\r\n\tUser Workstations:\t-\r\n\tPassword Last Set:\t-\r\n\tAccount Expires:\t\t-\r\n\tPrimary Group ID:\t-\r\n\tAllowedToDelegateTo:\t-\r\n\tOld UAC Value:\t\t-\r\n\tNew UAC Value:\t\t-\r\n\tUser Account Control:\t-\r\n\tUser Parameters:\t-\r\n\tSID History:\t\t-\r\n\tLogon Hours:\t\t-\r\n\r\nAdditional Information:\r\n\tPrivileges:\t\t-\"","version":"0","systemTime":"2025-04-01T19:38:28.6293266Z","eventRecordID":"3325152","threadID":"9656","computer":"DESKTOP-UAES5RE","task":"13824","processID":"896","severityValue":"AUDIT_SUCCESS","providerName":"Microsoft-Windows-Security-Auditing"}}},"rule":{"mail":false,"level":8,"pci_dss":["8.1.2","10.2.5"],"hipaa":["164.312.a.2.I","164.312.a.2.II","164.312.b"],"tsc":["CC6.8","CC7.2","CC7.3"],"description":"User account changed","groups":["windows","windows_security","account_changed"],"nist_800_53":["AC.2","IA.4","AU.14","AC.7"],"gdpr":["IV_35.7.d","IV_32.2"],"firedtimes":2,"mitre":{"technique":["Account Manipulation"],"id":["T1098"],"tactic":["Persistence"]},"id":"60110","gpg13":["7.10"]},"decoder":{"name":"windows_eventchannel"},"input":{"type":"log"},"@timestamp":"2025-04-01T19:38:29.520Z","location":"EventChannel","id":"1743536309.5365521","timestamp":"2025-04-01T19:38:29.520+0000"}}]